0 info it worked if it ends with ok
1 verbose cli [ 'd:\\nodejs\\node.exe',
1 verbose cli   'd:\\nodejs\\node_modules\\npm\\bin\\npm-cli.js',
1 verbose cli   'install',
1 verbose cli   'makedown',
1 verbose cli   '--save-dev' ]
2 info using npm@2.14.7
3 info using node@v4.2.3
4 verbose install initial load of e:\WebstormProjects\node_mongodb\package.json
5 verbose installManyTop reading scoped package data from e:\WebstormProjects\node_mongodb\node_modules\body-parser\package.json
6 verbose installManyTop reading scoped package data from e:\WebstormProjects\node_mongodb\node_modules\cookie-parser\package.json
7 verbose installManyTop reading scoped package data from e:\WebstormProjects\node_mongodb\node_modules\debug\package.json
8 verbose installManyTop reading scoped package data from e:\WebstormProjects\node_mongodb\node_modules\express\package.json
9 verbose installManyTop reading scoped package data from e:\WebstormProjects\node_mongodb\node_modules\jade\package.json
10 verbose installManyTop reading scoped package data from e:\WebstormProjects\node_mongodb\node_modules\mongodb\package.json
11 verbose installManyTop reading scoped package data from e:\WebstormProjects\node_mongodb\node_modules\mongoose\package.json
12 verbose installManyTop reading scoped package data from e:\WebstormProjects\node_mongodb\node_modules\morgan\package.json
13 verbose installManyTop reading scoped package data from e:\WebstormProjects\node_mongodb\node_modules\mysql\package.json
14 verbose installManyTop reading scoped package data from e:\WebstormProjects\node_mongodb\node_modules\serve-favicon\package.json
15 verbose readDependencies loading dependencies from e:\WebstormProjects\node_mongodb\package.json
16 silly cache add args [ 'makedown', null ]
17 verbose cache add spec makedown
18 silly cache add parsed spec Result {
18 silly cache add   raw: 'makedown',
18 silly cache add   scope: null,
18 silly cache add   name: 'makedown',
18 silly cache add   rawSpec: '',
18 silly cache add   spec: '*',
18 silly cache add   type: 'range' }
19 silly addNamed makedown@*
20 verbose addNamed "*" is a valid semver range for makedown
21 silly addNameRange { name: 'makedown', range: '*', hasData: false }
22 silly mapToRegistry name makedown
23 silly mapToRegistry using default registry
24 silly mapToRegistry registry https://registry.npmjs.org/
25 silly mapToRegistry uri https://registry.npmjs.org/makedown
26 verbose addNameRange registry:https://registry.npmjs.org/makedown not in flight; fetching
27 verbose request uri https://registry.npmjs.org/makedown
28 verbose request no auth needed
29 info attempt registry request try #1 at 18:19:17
30 verbose request using bearer token for auth
31 verbose request id 7e965caffa1e82ea
32 http request GET https://registry.npmjs.org/makedown
33 http 404 https://registry.npmjs.org/makedown
34 verbose headers { 'content-type': 'application/json',
34 verbose headers   'cache-control': 'max-age=0',
34 verbose headers   'content-length': '2',
34 verbose headers   'accept-ranges': 'bytes',
34 verbose headers   date: 'Thu, 05 May 2016 10:19:26 GMT',
34 verbose headers   via: '1.1 varnish',
34 verbose headers   connection: 'keep-alive',
34 verbose headers   'x-served-by': 'cache-nrt6123-NRT',
34 verbose headers   'x-cache': 'MISS',
34 verbose headers   'x-cache-hits': '0',
34 verbose headers   'x-timer': 'S1462443566.112905,VS0,VE498',
34 verbose headers   vary: 'Accept-Encoding' }
35 silly get cb [ 404,
35 silly get   { 'content-type': 'application/json',
35 silly get     'cache-control': 'max-age=0',
35 silly get     'content-length': '2',
35 silly get     'accept-ranges': 'bytes',
35 silly get     date: 'Thu, 05 May 2016 10:19:26 GMT',
35 silly get     via: '1.1 varnish',
35 silly get     connection: 'keep-alive',
35 silly get     'x-served-by': 'cache-nrt6123-NRT',
35 silly get     'x-cache': 'MISS',
35 silly get     'x-cache-hits': '0',
35 silly get     'x-timer': 'S1462443566.112905,VS0,VE498',
35 silly get     vary: 'Accept-Encoding' } ]
36 verbose stack Error: Registry returned 404 for GET on https://registry.npmjs.org/makedown
36 verbose stack     at makeError (d:\nodejs\node_modules\npm\node_modules\npm-registry-client\lib\request.js:264:12)
36 verbose stack     at CachingRegistryClient.<anonymous> (d:\nodejs\node_modules\npm\node_modules\npm-registry-client\lib\request.js:242:14)
36 verbose stack     at Request._callback (d:\nodejs\node_modules\npm\node_modules\npm-registry-client\lib\request.js:172:14)
36 verbose stack     at Request.self.callback (d:\nodejs\node_modules\npm\node_modules\request\request.js:198:22)
36 verbose stack     at emitTwo (events.js:87:13)
36 verbose stack     at Request.emit (events.js:172:7)
36 verbose stack     at Request.<anonymous> (d:\nodejs\node_modules\npm\node_modules\request\request.js:1063:14)
36 verbose stack     at emitOne (events.js:82:20)
36 verbose stack     at Request.emit (events.js:169:7)
36 verbose stack     at IncomingMessage.<anonymous> (d:\nodejs\node_modules\npm\node_modules\request\request.js:1009:12)
37 verbose statusCode 404
38 verbose pkgid makedown
39 verbose cwd e:\WebstormProjects\node_mongodb
40 error Windows_NT 10.0.10240
41 error argv "d:\\nodejs\\node.exe" "d:\\nodejs\\node_modules\\npm\\bin\\npm-cli.js" "install" "makedown" "--save-dev"
42 error node v4.2.3
43 error npm  v2.14.7
44 error code E404
45 error 404 Registry returned 404 for GET on https://registry.npmjs.org/makedown
45 error 404
45 error 404 'makedown' is not in the npm registry.
45 error 404 You should bug the author to publish it (or use the name yourself!)
45 error 404 It was specified as a dependency of 'node_mongodb'
45 error 404
45 error 404 Note that you can also install from a
45 error 404 tarball, folder, http url, or git url.
46 verbose exit [ 1, true ]
